Arguments: 
  C:\Program Files\nodejs\node.exe C:\Users\legion\AppData\Roaming\npm\node_modules\yarn\bin\yarn.js install

PATH: 
  C:\Windows\system32;C:\Windows;C:\Windows\System32\Wbem;C:\Windows\System32\WindowsPowerShell\v1.0\;C:\Windows\System32\OpenSSH\;C:\Program Files (x86)\NVIDIA Corporation\PhysX\Common;C:\Program Files\NVIDIA Corporation\NVIDIA NvDLISR;C:\Program Files\Git\cmd;C:\WINDOWS\system32;C:\WINDOWS;C:\WINDOWS\System32\Wbem;C:\WINDOWS\System32\WindowsPowerShell\v1.0\;C:\WINDOWS\System32\OpenSSH\;C:\Program Files\nodejs\;C:\Users\legion\AppData\Local\Microsoft\WindowsApps;C:\Users\legion\AppData\Local\Programs\Microsoft VS Code\bin;C:\Users\legion\AppData\Local\Programs\Python\Python39;C:\Users\legion\AppData\Local\Programs\Python\Python39\Scripts;C:\Users\legion\AppData\Roaming\npm

Yarn version: 
  1.22.19

Node version: 
  18.4.0

Platform: 
  win32 x64

Trace: 
  Error: https://registry.yarnpkg.com/appolo-server: Not found
      at params.callback [as _callback] (C:\Users\legion\AppData\Roaming\npm\node_modules\yarn\lib\cli.js:66145:18)
      at self.callback (C:\Users\legion\AppData\Roaming\npm\node_modules\yarn\lib\cli.js:140890:22)
      at Request.emit (node:events:537:28)
      at Request.<anonymous> (C:\Users\legion\AppData\Roaming\npm\node_modules\yarn\lib\cli.js:141862:10)
      at Request.emit (node:events:537:28)
      at IncomingMessage.<anonymous> (C:\Users\legion\AppData\Roaming\npm\node_modules\yarn\lib\cli.js:141784:12)
      at Object.onceWrapper (node:events:651:28)
      at IncomingMessage.emit (node:events:549:35)
      at endReadableNT (node:internal/streams/readable:1359:12)
      at process.processTicksAndRejections (node:internal/process/task_queues:82:21)

npm manifest: 
  {
      "name": "v7-backend",
      "version": "1.0.0",
      "description": "",
      "main": "index.js",
      "scripts": {
          "start": "nodemon --exec ts-node ./src/index.ts"
      },
      "keywords": [],
      "author": "",
      "license": "ISC",
      "dependencies": {
          "@typegoose/typegoose": "7.4.6",
          "@types/node": "^17.0.36",
          "appolo-server": "2.9.16",
          "apollo-server-express": "2.9.16",
          "apollo-server-testing": "2.9.16",
          "bcrypt": "^5.0.1",
          "dotenv": "8.2.0",
          "express": "^4.18.1",
          "jsonwebtoken": "8.5.1",
          "mongoose": "5.10.18",
          "reflect-metadata": "0.1.13",
          "type-graphql": "^1.1.1",
          "typescript": "4.1.3"
      },
      "devDependencies": {
          "ts-node": "^10.7.0"
      }
  }

yarn manifest: 
  No manifest

Lockfile: 
  No lockfile
